app/mapping.txt
com.example.testsophix.DeviceUtil -> com.example.testsophix.a:
    java.lang.String getDeviceId(android.content.Context) -> a
com.example.testsophix.MainActivity -> com.example.testsophix.MainActivity:
    void <init>() -> <init>
    void onCreate(android.os.Bundle) -> onCreate
    void clickButton() -> k
com.example.testsophix.MainActivity$1 -> com.example.testsophix.MainActivity$1:
    com.example.testsophix.MainActivity this$0 -> a
    void <init>(com.example.testsophix.MainActivity) -> <init>
    void onClick(android.view.View) -> onClick
com.example.testsophix.MainActivity$2 -> com.example.testsophix.MainActivity$2:
    com.example.testsophix.MainActivity this$0 -> a
    void <init>(com.example.testsophix.MainActivity) -> <init>
    void onClick(android.view.View) -> onClick
com.example.testsophix.MyRealApplication -> com.example.testsophix.b:
    com.example.testsophix.MyRealApplication instance -> a
    void onCreate() -> onCreate
com.example.testsophix.ResActivity -> com.example.testsophix.ResActivity:
    void <init>() -> <init>
    void onCreate(android.os.Bundle) -> onCreate
    boolean onSupportNavigateUp() -> h
com.example.testsophix.SophixStubApplication -> com.example.testsophix.SophixStubApplication:
    java.lang.String TAG -> a
    void <init>() -> <init>
    void attachBaseContext(android.content.Context) -> attachBaseContext
    void initSophix() -> a
    void onCreate() -> onCreate
com.example.testsophix.SophixStubApplication$1 -> com.example.testsophix.SophixStubApplication$1:
    com.taobao.sophix.SophixManager val$instance -> a
    com.example.testsophix.SophixStubApplication this$0 -> b
    void <init>(com.example.testsophix.SophixStubApplication,com.taobao.sophix.SophixManager) -> <init>
    void onLoad(int,int,java.lang.String,int) -> onLoad
com.example.testsophix.SophixStubApplication$RealApplicationStub -> com.example.testsophix.SophixStubApplication$RealApplicationStub:
    void <init>() -> <init>
...
android.support.v4.app.LoaderManagerImpl -> android.support.v4.app.LoaderManagerImpl:
    boolean DEBUG -> a
    android.arch.lifecycle.LifecycleOwner mLifecycleOwner -> b
    android.support.v4.app.LoaderManagerImpl$LoaderViewModel mLoaderViewModel -> c
    void <init>(android.arch.lifecycle.LifecycleOwner,android.arch.lifecycle.ViewModelStore) -> <init>
    void markForRedelivery() -> a
    java.lang.String toString() -> toString
    void dump(java.lang.String,java.io.FileDescriptor,java.io.PrintWriter,java.lang.String[]) -> a
    void <clinit>() -> <clinit>
android.support.v4.app.LoaderManagerImpl$LoaderInfo -> android.support.v4.app.LoaderManagerImpl$a:
    int mId -> a
    android.os.Bundle mArgs -> b
    android.support.v4.content.Loader mLoader -> c
    android.arch.lifecycle.LifecycleOwner mLifecycleOwner -> d
    android.support.v4.app.LoaderManagerImpl$LoaderObserver mObserver -> e
    android.support.v4.content.Loader mPriorLoader -> f
    android.support.v4.content.Loader getLoader() -> f
    void onActive() -> b
    void onInactive() -> c
    void markForRedelivery() -> g
    void removeObserver(android.arch.lifecycle.Observer) -> a
    android.support.v4.content.Loader destroy(boolean) -> a
    void setValue(java.lang.Object) -> a
    java.lang.String toString() -> toString
    void dump(java.lang.String,java.io.FileDescriptor,java.io.PrintWriter,java.lang.String[]) -> a
android.support.v4.app.LoaderManagerImpl$LoaderObserver -> android.support.v4.app.LoaderManagerImpl$b:
    android.support.v4.content.Loader mLoader -> a
    android.support.v4.app.LoaderManager$LoaderCallbacks mCallback -> b
    boolean mDeliveredData -> c
    void onChanged(java.lang.Object) -> a
    boolean hasDeliveredData() -> a
    void reset() -> b
    java.lang.String toString() -> toString
    void dump(java.lang.String,java.io.PrintWriter) -> a
android.support.v4.app.LoaderManagerImpl$LoaderViewModel -> android.support.v4.app.LoaderManagerImpl$LoaderViewModel:
    android.arch.lifecycle.ViewModelProvider$Factory FACTORY -> a
    android.support.v4.util.SparseArrayCompat mLoaders -> b
    boolean mCreatingLoader -> c
    void <init>() -> <init>
    android.support.v4.app.LoaderManagerImpl$LoaderViewModel getInstance(android.arch.lifecycle.ViewModelStore) -> a
    void markForRedelivery() -> b
    void onCleared() -> a
    void dump(java.lang.String,java.io.FileDescriptor,java.io.PrintWriter,java.lang.String[]) -> a
    void <clinit>() -> <clinit>
android.support.v4.app.LoaderManagerImpl$LoaderViewModel$1 -> android.support.v4.app.LoaderManagerImpl$LoaderViewModel$1:
    void <init>() -> <init>
    android.arch.lifecycle.ViewModel create(java.lang.Class) -> a
android.support.v4.app.NavUtils -> android.support.v4.app.t:
    boolean shouldUpRecreateTask(android.app.Activity,android.content.Intent) -> a
    void navigateUpTo(android.app.Activity,android.content.Intent) -> b
    android.content.Intent getParentActivityIntent(android.app.Activity) -> a
    android.content.Intent getParentActivityIntent(android.content.Context,android.content.ComponentName) -> a
    java.lang.String getParentActivityName(android.app.Activity) -> b
    java.lang.String getParentActivityName(android.content.Context,android.content.ComponentName) -> b
android.support.v4.app.OneShotPreDrawListener -> android.support.v4.app.u:
    android.view.View mView -> a
    android.view.ViewTreeObserver mViewTreeObserver -> b
    java.lang.Runnable mRunnable -> c
    void <init>(android.view.View,java.lang.Runnable) -> <init>
    android.support.v4.app.OneShotPreDrawListener add(android.view.View,java.lang.Runnable) -> a
    boolean onPreDraw() -> onPreDraw
    void removeListener() -> a
    void onViewAttachedToWindow(android.view.View) -> onViewAttachedToWindow
    void onViewDetachedFromWindow(android.view.View) -> onViewDetachedFromWindow